[18:01:11] [Server thread/INFO]: Starting minecraft server version 1.14.2
[18:01:11] [Server thread/INFO]: Loading properties
[18:01:11] [Server thread/INFO]: This server is running CraftBukkit version git-Spigot-093165d-ba575a5 (MC: 1.14.2) (Implementing API version 1.14.2-R0.1-SNAPSHOT)
[18:01:11] [Server thread/INFO]: Debug logging is disabled
[18:01:11] [Server thread/INFO]: Using 4 threads for Netty based IO
[18:01:11] [Server thread/INFO]: Server Ping Player Sample Count: 12
[18:01:11] [Server thread/INFO]: Default game type: SURVIVAL
[18:01:11] [Server thread/INFO]: Generating keypair
[18:01:12] [Server thread/INFO]: Starting Minecraft server on *:25565
[18:01:12] [Server thread/INFO]: Using default channel type
[18:01:15] [Server thread/ERROR]: Could not load 'plugins\network.jar' in folder 'plugins'
org.bukkit.plugin.InvalidPluginException: java.lang.NoClassDefFoundError: org/java_websocket/client/WebSocketClient
	at org.bukkit.plugin.java.JavaPluginLoader.loadPlugin(JavaPluginLoader.java:139) ~[spigot-1.14.2.jar:git-Spigot-093165d-ba575a5]
	at org.bukkit.plugin.SimplePluginManager.loadPlugin(SimplePluginManager.java:333) ~[spigot-1.14.2.jar:git-Spigot-093165d-ba575a5]
	at org.bukkit.plugin.SimplePluginManager.loadPlugins(SimplePluginManager.java:252) [spigot-1.14.2.jar:git-Spigot-093165d-ba575a5]
	at org.bukkit.craftbukkit.v1_14_R1.CraftServer.loadPlugins(CraftServer.java:347) [spigot-1.14.2.jar:git-Spigot-093165d-ba575a5]
	at net.minecraft.server.v1_14_R1.DedicatedServer.init(DedicatedServer.java:194) [spigot-1.14.2.jar:git-Spigot-093165d-ba575a5]
	at net.minecraft.server.v1_14_R1.MinecraftServer.run(MinecraftServer.java:761) [spigot-1.14.2.jar:git-Spigot-093165d-ba575a5]
	at java.lang.Thread.run(Unknown Source) [?:1.8.0_211]
Caused by: java.lang.NoClassDefFoundError: org/java_websocket/client/WebSocketClient
	at java.lang.Class.forName0(Native Method) ~[?:1.8.0_211]
	at java.lang.Class.forName(Unknown Source) ~[?:1.8.0_211]
	at org.bukkit.plugin.java.PluginClassLoader.<init>(PluginClassLoader.java:59) ~[spigot-1.14.2.jar:git-Spigot-093165d-ba575a5]
	at org.bukkit.plugin.java.JavaPluginLoader.loadPlugin(JavaPluginLoader.java:135) ~[spigot-1.14.2.jar:git-Spigot-093165d-ba575a5]
	... 6 more
Caused by: java.lang.ClassNotFoundException: org.java_websocket.client.WebSocketClient
	at java.net.URLClassLoader.findClass(Unknown Source) ~[?:1.8.0_211]
	at org.bukkit.plugin.java.PluginClassLoader.findClass(PluginClassLoader.java:135) ~[spigot-1.14.2.jar:git-Spigot-093165d-ba575a5]
	at org.bukkit.plugin.java.PluginClassLoader.findClass(PluginClassLoader.java:81) ~[spigot-1.14.2.jar:git-Spigot-093165d-ba575a5]
	at java.lang.ClassLoader.loadClass(Unknown Source) ~[?:1.8.0_211]
	at java.lang.ClassLoader.loadClass(Unknown Source) ~[?:1.8.0_211]
	at java.lang.Class.forName0(Native Method) ~[?:1.8.0_211]
	at java.lang.Class.forName(Unknown Source) ~[?:1.8.0_211]
	at org.bukkit.plugin.java.PluginClassLoader.<init>(PluginClassLoader.java:59) ~[spigot-1.14.2.jar:git-Spigot-093165d-ba575a5]
	at org.bukkit.plugin.java.JavaPluginLoader.loadPlugin(JavaPluginLoader.java:135) ~[spigot-1.14.2.jar:git-Spigot-093165d-ba575a5]
	... 6 more
[18:01:15] [Server thread/INFO]: [Dev] Loading Dev v0.2
[18:01:15] [Server thread/INFO]: [CloudData] Loading CloudData v0.1
[18:01:15] [Server thread/INFO]: Preparing level "world"
[18:01:16] [Server thread/INFO]: Found new data pack file/bukkit, loading it automatically
[18:01:16] [Server thread/INFO]: Found new data pack vanilla, loading it automatically
[18:01:16] [Server thread/INFO]: Reloading ResourceManager: Default, bukkit
